<?xml version="1.0" encoding="UTF-8"?>
<testng-results ignored="0" total="1" passed="1" failed="0" skipped="0">
  <reporter-output>
  </reporter-output>
  <suite started-at="2020-03-19T19:49:41Z" name="Default suite" finished-at="2020-03-19T19:49:53Z" duration-ms="11899">
    <groups>
    </groups>
    <test started-at="2020-03-19T19:49:41Z" name="Default test" finished-at="2020-03-19T19:49:53Z" duration-ms="11899">
      <class name="test.LAMetro_Login_Test">
        <test-method signature="LoginPage()[pri:0, instance:test.LAMetro_Login_Test@4034c28c]" started-at="2020-03-19T19:49:41Z" name="LoginPage" finished-at="2020-03-19T19:49:52Z" duration-ms="11872" status="PASS">
          <reporter-output>
          </reporter-output>
        </test-method> <!-- LoginPage -->
      </class> <!-- test.LAMetro_Login_Test -->
    </test> <!-- Default test -->
  </suite> <!-- Default suite -->
</testng-results>
