<?xml version="1.0" encoding="UTF-8"?>
<testng-results ignored="0" total="2" passed="2" failed="0" skipped="0">
  <reporter-output>
  </reporter-output>
  <suite started-at="2020-03-19T16:08:26 CDT" name="Default suite" finished-at="2020-03-19T16:08:48 CDT" duration-ms="22062">
    <groups>
    </groups>
    <test started-at="2020-03-19T16:08:26 CDT" name="Default test" finished-at="2020-03-19T16:08:48 CDT" duration-ms="22062">
      <class name="test.LAMetro_Login_Test">
        <test-method is-config="true" signature="LoginPage()[pri:0, instance:test.LAMetro_Login_Test@3901d134]" started-at="2020-03-19T16:08:26 CDT" name="LoginPage" finished-at="2020-03-19T16:08:38 CDT" duration-ms="11795" status="PASS">
          <reporter-output>
          </reporter-output>
        </test-method> <!-- LoginPage -->
        <test-method signature="Login()[pri:1, instance:test.LAMetro_Login_Test@3901d134]" started-at="2020-03-19T16:08:38 CDT" name="Login" finished-at="2020-03-19T16:08:48 CDT" duration-ms="9448" status="PASS">
          <reporter-output>
          </reporter-output>
        </test-method> <!-- Login -->
        <test-method signature="LogOut()[pri:2, instance:test.LAMetro_Login_Test@3901d134]" started-at="2020-03-19T16:08:48 CDT" name="LogOut" finished-at="2020-03-19T16:08:48 CDT" duration-ms="755" status="PASS">
          <reporter-output>
          </reporter-output>
        </test-method> <!-- LogOut -->
      </class> <!-- test.LAMetro_Login_Test -->
    </test> <!-- Default test -->
  </suite> <!-- Default suite -->
</testng-results>
